[2026-02-14 05:04:32Z INFO HostContext] No proxy settings were found based on environmental variables (http_proxy/https_proxy/HTTP_PROXY/HTTPS_PROXY)
[2026-02-14 05:04:32Z INFO HostContext] Well known directory 'Bin': 'D:\New folder (2)\Pakistan-weather-app\actions-runner\bin'
[2026-02-14 05:04:32Z INFO HostContext] Well known directory 'Root': 'D:\New folder (2)\Pakistan-weather-app\actions-runner'
[2026-02-14 05:04:32Z INFO HostContext] Well known config file 'Credentials': 'D:\New folder (2)\Pakistan-weather-app\actions-runner\.credentials'
[2026-02-14 05:04:32Z INFO HostContext] Well known directory 'Bin': 'D:\New folder (2)\Pakistan-weather-app\actions-runner\bin'
[2026-02-14 05:04:32Z INFO HostContext] Well known directory 'Root': 'D:\New folder (2)\Pakistan-weather-app\actions-runner'
[2026-02-14 05:04:32Z INFO HostContext] Well known config file 'Runner': 'D:\New folder (2)\Pakistan-weather-app\actions-runner\.runner'
[2026-02-14 05:04:32Z INFO Listener] Runner is built for Windows (X64) - win-x64.
[2026-02-14 05:04:32Z INFO Listener] RuntimeInformation: Microsoft Windows 10.0.19045.
[2026-02-14 05:04:32Z INFO Listener] Version: 2.331.0
[2026-02-14 05:04:32Z INFO Listener] Commit: 39f6c643d3032f8795fa71f1482731ca90c8e038
[2026-02-14 05:04:32Z INFO Listener] Culture: en-US
[2026-02-14 05:04:32Z INFO Listener] UI Culture: en-US
[2026-02-14 05:04:32Z INFO HostContext] Well known directory 'Bin': 'D:\New folder (2)\Pakistan-weather-app\actions-runner\bin'
[2026-02-14 05:04:32Z INFO HostContext] Well known directory 'Root': 'D:\New folder (2)\Pakistan-weather-app\actions-runner'
[2026-02-14 05:04:32Z INFO Listener] Validating directory permissions for: 'D:\New folder (2)\Pakistan-weather-app\actions-runner'
[2026-02-14 05:04:32Z INFO CommandLineParser] Parse
[2026-02-14 05:04:32Z INFO CommandLineParser] Parsing 1 args
[2026-02-14 05:04:32Z INFO CommandLineParser] parsing argument
[2026-02-14 05:04:32Z INFO CommandLineParser] HasArgs: False
[2026-02-14 05:04:32Z INFO CommandLineParser] Adding Command: run
[2026-02-14 05:04:32Z INFO Listener] Arguments parsed
[2026-02-14 05:04:33Z INFO Runner] ExecuteCommand
[2026-02-14 05:04:33Z INFO ConfigurationStore] currentAssemblyLocation: D:\New folder (2)\Pakistan-weather-app\actions-runner\bin\Runner.Listener.dll
[2026-02-14 05:04:33Z INFO HostContext] Well known directory 'Bin': 'D:\New folder (2)\Pakistan-weather-app\actions-runner\bin'
[2026-02-14 05:04:33Z INFO ConfigurationStore] binPath: D:\New folder (2)\Pakistan-weather-app\actions-runner\bin
[2026-02-14 05:04:33Z INFO HostContext] Well known directory 'Bin': 'D:\New folder (2)\Pakistan-weather-app\actions-runner\bin'
[2026-02-14 05:04:33Z INFO HostContext] Well known directory 'Root': 'D:\New folder (2)\Pakistan-weather-app\actions-runner'
[2026-02-14 05:04:33Z INFO ConfigurationStore] RootFolder: D:\New folder (2)\Pakistan-weather-app\actions-runner
[2026-02-14 05:04:33Z INFO HostContext] Well known directory 'Bin': 'D:\New folder (2)\Pakistan-weather-app\actions-runner\bin'
[2026-02-14 05:04:33Z INFO HostContext] Well known directory 'Root': 'D:\New folder (2)\Pakistan-weather-app\actions-runner'
[2026-02-14 05:04:33Z INFO HostContext] Well known config file 'Runner': 'D:\New folder (2)\Pakistan-weather-app\actions-runner\.runner'
[2026-02-14 05:04:33Z INFO ConfigurationStore] ConfigFilePath: D:\New folder (2)\Pakistan-weather-app\actions-runner\.runner
[2026-02-14 05:04:33Z INFO HostContext] Well known directory 'Bin': 'D:\New folder (2)\Pakistan-weather-app\actions-runner\bin'
[2026-02-14 05:04:33Z INFO HostContext] Well known directory 'Root': 'D:\New folder (2)\Pakistan-weather-app\actions-runner'
[2026-02-14 05:04:33Z INFO HostContext] Well known config file 'MigratedRunner': 'D:\New folder (2)\Pakistan-weather-app\actions-runner\.runner_migrated'
[2026-02-14 05:04:33Z INFO ConfigurationStore] MigratedConfigFilePath: D:\New folder (2)\Pakistan-weather-app\actions-runner\.runner_migrated
[2026-02-14 05:04:33Z INFO HostContext] Well known directory 'Bin': 'D:\New folder (2)\Pakistan-weather-app\actions-runner\bin'
[2026-02-14 05:04:33Z INFO HostContext] Well known directory 'Root': 'D:\New folder (2)\Pakistan-weather-app\actions-runner'
[2026-02-14 05:04:33Z INFO HostContext] Well known config file 'Credentials': 'D:\New folder (2)\Pakistan-weather-app\actions-runner\.credentials'
[2026-02-14 05:04:33Z INFO ConfigurationStore] CredFilePath: D:\New folder (2)\Pakistan-weather-app\actions-runner\.credentials
[2026-02-14 05:04:33Z INFO HostContext] Well known directory 'Bin': 'D:\New folder (2)\Pakistan-weather-app\actions-runner\bin'
[2026-02-14 05:04:33Z INFO HostContext] Well known directory 'Root': 'D:\New folder (2)\Pakistan-weather-app\actions-runner'
[2026-02-14 05:04:33Z INFO HostContext] Well known config file 'MigratedCredentials': 'D:\New folder (2)\Pakistan-weather-app\actions-runner\.credentials_migrated'
[2026-02-14 05:04:33Z INFO ConfigurationStore] MigratedCredFilePath: D:\New folder (2)\Pakistan-weather-app\actions-runner\.credentials_migrated
[2026-02-14 05:04:33Z INFO HostContext] Well known directory 'Bin': 'D:\New folder (2)\Pakistan-weather-app\actions-runner\bin'
[2026-02-14 05:04:33Z INFO HostContext] Well known directory 'Root': 'D:\New folder (2)\Pakistan-weather-app\actions-runner'
[2026-02-14 05:04:33Z INFO HostContext] Well known config file 'Service': 'D:\New folder (2)\Pakistan-weather-app\actions-runner\.service'
[2026-02-14 05:04:33Z INFO ConfigurationStore] ServiceConfigFilePath: D:\New folder (2)\Pakistan-weather-app\actions-runner\.service
[2026-02-14 05:04:33Z INFO CommandSettings] Flag 'help': 'False'
[2026-02-14 05:04:33Z INFO CommandSettings] Flag 'version': 'False'
[2026-02-14 05:04:33Z INFO CommandSettings] Flag 'commit': 'False'
[2026-02-14 05:04:33Z INFO CommandSettings] Flag 'check': 'False'
[2026-02-14 05:04:33Z INFO CommandSettings] Command 'configure': 'False'
[2026-02-14 05:04:33Z INFO CommandSettings] Command 'remove': 'False'
[2026-02-14 05:04:33Z INFO CommandSettings] Command 'warmup': 'False'
[2026-02-14 05:04:33Z INFO ConfigurationManager] LoadSettings
[2026-02-14 05:04:33Z INFO ConfigurationStore] IsConfigured()
[2026-02-14 05:04:33Z INFO ConfigurationStore] IsConfigured: False
[2026-02-14 05:04:33Z INFO ConfigurationManager] Is configured: False
[2026-02-14 05:04:33Z ERR  Terminal] WRITE ERROR: An error occurred: Not configured. Run config.(sh/cmd) to configure the runner.
[2026-02-14 05:04:33Z ERR  Listener] GitHub.Runner.Common.NonRetryableException: Not configured. Run config.(sh/cmd) to configure the runner.
   at GitHub.Runner.Listener.Configuration.ConfigurationManager.LoadSettings()
   at GitHub.Runner.Listener.Runner.ExecuteCommand(CommandSettings command)
   at GitHub.Runner.Listener.Program.MainAsync(IHostContext context, String[] args)
